 ************************************************************************
 **                                                                    **
 **                                                                    **
 **                         OptiStruct 2017.1                          **
 **                                                                    **
 **             Advanced Engineering Analysis, Design and              **
 **        Optimization Software from Altair Engineering, Inc.         **
 **                                                                    **
 **                                                                    **
 **              Windows 7  SP1 (Build 7601)  C20-0917-03              **
 **          8 CPU:  Intel(R) Core(TM) i7-4790 CPU @ 3.60GHz           **
 **                    16926 MB RAM,  49034 MB swap                    **
 **                                                                    **
 ** Build tag: 0862567_9433171_Ce64RBW8UH14M:128708-1  4000000004000   **
 ************************************************************************
 **  COPYRIGHT (C) 1996-2017                 Altair Engineering, Inc.  **
 ** All Rights Reserved.  Copyright notice does not imply publication. **
 **         Contains trade secrets of Altair Engineering, Inc.         **
 ** Decompilation or disassembly of this software strictly prohibited. **
 ************************************************************************
 
  
 *** OptiStruct defaults set from:
   install config file: C:\Program Files\Altair\2017\/hwsolvers/optistruct.cfg.
  
  
 NOTE # 9199
 MSGLMT=STRICT is active, all messages will be printed.
 You can suppress some less important warning messages by use of
  MSGLMT=BRIEF or UNREF (in config file or in the input data).
  
 NOTE # 1929
 Created RAM scratch area: total size 30 MB.
  
  
 

************************************************************************

OPTIMIZATION FILE AND PARAMETER INFORMATION :
---------------------------------------------

  FEM model file               : H:/MEEM3901/FEM/lnk/Part3.fem
  Output files prefix          : H:/MEEM3901/FEM/lnk/Part3
  Model read from files:
     H:/MEEM3901/FEM/lnk/Part3.fem

************************************************************************

 

************************************************************************

FINITE ELEMENT MODEL DATA INFORMATION :
---------------------------------------

  Total # of Grids (Structural)        :       951
  Total # of Elements                  :      2717
  Total # of Degrees of Freedom        :      2607
  (Structural)
  Total # of Non-zero Stiffness Terms  :     41430

 
  Element Type Information
  ------------------------

   CTETRA   Elements   :     2717

  Load and Boundary Information
  -----------------------------

   FORCE Sets        :         1
   SPC   Sets        :         1

  Material and Property Information
  ---------------------------------

   PSOLID Cards      :         1
   MAT1   Cards      :         1

************************************************************************

 

************************************************************************

OPTIMIZATION PROBLEM PARAMETERS :
---------------------------------

 NO DESIGN MATERIAL OR DESIGN VARIABLES FOUND  : ANALYSIS ONLY

   ------------------------
   Static Subcase Summary :
   ------------------------

   ----------   --------  --------
   Subcase ID    SPC ID   FORCE ID
   ----------   --------  --------
        1            1            2
   ----------   --------  --------

   Run Type                        :   Analysis Only (No design elements)
   Run at location                 : H:/MEEM3901/FEM/lnk/
   Scratch file directory          : H:/MEEM3901/FEM/lnk/
                                     Free space:   3198 MB
   Number of CPU processors        :          1


************************************************************************

 

************************************************************************

MEMORY ESTIMATION INFORMATION :
-------------------------------

 Solver Type is:  Sparse-Matrix Solver
                  Direct Method
 
 Current Memory (RAM)                                    :     800 MB
   In addition a ramdisk area was allocated in memory    :      30 MB
 Estimated Minimum Memory (RAM) for Out of Core Solution :       3 MB
 Recommended Memory (RAM) for Out of Core Solution       :       3 MB
 Recommended Memory (RAM) for In-Core Solution           :       4 MB
 
DISK SPACE ESTIMATION INFORMATION :
-----------------------------------

 Estimated Disk Space for Output Data Files              :       4 MB
 Estimated Scratch Disk Space for In-Core Solution       :       1 MB
 Estimated Scratch Disk Space for Out of Core Solution   :       3 MB

************************************************************************


BEGINNING ANALYSIS SOLUTION ....


************************************************************************

ANALYSIS RESULTS :
------------------

  
ITERATION   0
  
 (Scratch disk space usage for starting iteration = 1 MB)
(Running in-core solution)

Volume                              = 4.71679E+002   Mass     = 0.00000E+000

 Subcase   Compliance     Epsilon
       1  1.859581E+02  3.789192E-11

Note : Epsilon = Residual Strain Energy Ratio.


************************************************************************
  
 ANALYSIS COMPLETED.
  

************************************************************************

RESOURCE USAGE INFORMATION
--------------------------

 MAXIMUM MEMORY USED                                       800 MB
   IN ADDITION     30 MB RAMDISK AREA WAS ALLOCATED IN MEMORY
 MAXIMUM DISK SPACE USED                                     1 MB

************************************************************************


************************************************************************

COMPUTE TIME INFORMATION
------------------------

 EXECUTION STARTED                         Wed Nov 15 12:42:13 2017    
 EXECUTION COMPLETED                       Wed Nov 15 12:42:17 2017    
 ELAPSED TIME                                         00:00:03
 CPU TIME                                             00:00:00

************************************************************************

  
                        ***** END OF REPORT *****
  
 For Useful OptiStruct Tips and Tricks, go to the URL:
 http://www.altairhyperworks.com/tips.aspx
